yosys -p "read_verilog tim.v; synth_ecp5 -json tim.json"

 /----------------------------------------------------------------------------\
 |                                                                            |
 |  yosys -- Yosys Open SYnthesis Suite                                       |
 |                                                                            |
 |  Copyright (C) 2012 - 2020  Claire Xenia Wolf <claire@yosyshq.com>         |
 |                                                                            |
 |  Permission to use, copy, modify, and/or distribute this software for any  |
 |  purpose with or without fee is hereby granted, provided that the above    |
 |  copyright notice and this permission notice appear in all copies.         |
 |                                                                            |
 |  THE SOFTWARE IS PROVIDED "AS IS" AND THE AUTHOR DISCLAIMS ALL WARRANTIES  |
 |  WITH REGARD TO THIS SOFTWARE INCLUDING ALL IMPLIED WARRANTIES OF          |
 |  MERCHANTABILITY AND FITNESS. IN NO EVENT SHALL THE AUTHOR BE LIABLE FOR   |
 |  ANY SPECIAL, DIRECT, INDIRECT, OR CONSEQUENTIAL DAMAGES OR ANY DAMAGES    |
 |  WHATSOEVER RESULTING FROM LOSS OF USE, DATA OR PROFITS, WHETHER IN AN     |
 |  ACTION OF CONTRACT, NEGLIGENCE OR OTHER TORTIOUS ACTION, ARISING OUT OF   |
 |  OR IN CONNECTION WITH THE USE OR PERFORMANCE OF THIS SOFTWARE.            |
 |                                                                            |
 \----------------------------------------------------------------------------/

 Yosys 0.16+61 (git sha1 UNKNOWN, clang 14.0.0-1ubuntu1 -fPIC -Os)


-- Running command `read_verilog tim.v; synth_ecp5 -json tim.json' --

1. Executing Verilog-2005 frontend: tim.v
Parsing Verilog input from `tim.v' to AST representation.
Warning: Yosys has only limited support for tri-state logic at the moment. (tim.v:35)
Generating RTLIL representation for module `\top'.
Successfully finished Verilog frontend.

2. Executing SYNTH_ECP5 pass.

2.1. Executing Verilog-2005 frontend: /usr/local/bin/../share/yosys/ecp5/cells_sim.v
Parsing Verilog input from `/usr/local/bin/../share/yosys/ecp5/cells_sim.v' to AST representation.
Generating RTLIL representation for module `\LUT4'.
Generating RTLIL representation for module `\$__ABC9_LUT5'.
Generating RTLIL representation for module `\$__ABC9_LUT6'.
Generating RTLIL representation for module `\$__ABC9_LUT7'.
Generating RTLIL representation for module `\L6MUX21'.
Generating RTLIL representation for module `\CCU2C'.
Generating RTLIL representation for module `\TRELLIS_RAM16X2'.
Generating RTLIL representation for module `\PFUMX'.
Generating RTLIL representation for module `\TRELLIS_DPR16X4'.
Generating RTLIL representation for module `\DPR16X4C'.
Generating RTLIL representation for module `\LUT2'.
Generating RTLIL representation for module `\TRELLIS_FF'.
Generating RTLIL representation for module `\TRELLIS_IO'.
Generating RTLIL representation for module `\INV'.
Generating RTLIL representation for module `\TRELLIS_SLICE'.
Generating RTLIL representation for module `\DP16KD'.
Generating RTLIL representation for module `\FD1P3AX'.
Generating RTLIL representation for module `\FD1P3AY'.
Generating RTLIL representation for module `\FD1P3BX'.
Generating RTLIL representation for module `\FD1P3DX'.
Generating RTLIL representation for module `\FD1P3IX'.
Generating RTLIL representation for module `\FD1P3JX'.
Generating RTLIL representation for module `\FD1S3AX'.
Generating RTLIL representation for module `\FD1S3AY'.
Generating RTLIL representation for module `\FD1S3BX'.
Generating RTLIL representation for module `\FD1S3DX'.
Generating RTLIL representation for module `\FD1S3IX'.
Generating RTLIL representation for module `\FD1S3JX'.
Generating RTLIL representation for module `\IFS1P3BX'.
Generating RTLIL representation for module `\IFS1P3DX'.
Generating RTLIL representation for module `\IFS1P3IX'.
Generating RTLIL representation for module `\IFS1P3JX'.
Generating RTLIL representation for module `\OFS1P3BX'.
Generating RTLIL representation for module `\OFS1P3DX'.
Generating RTLIL representation for module `\OFS1P3IX'.
Generating RTLIL representation for module `\OFS1P3JX'.
Generating RTLIL representation for module `\IB'.
Generating RTLIL representation for module `\IBPU'.
Generating RTLIL representation for module `\IBPD'.
Generating RTLIL representation for module `\OB'.
Generating RTLIL representation for module `\OBZ'.
Generating RTLIL representation for module `\OBZPU'.
Generating RTLIL representation for module `\OBZPD'.
Generating RTLIL representation for module `\OBCO'.
Generating RTLIL representation for module `\BB'.
Generating RTLIL representation for module `\BBPU'.
Generating RTLIL representation for module `\BBPD'.
Generating RTLIL representation for module `\ILVDS'.
Generating RTLIL representation for module `\OLVDS'.
Successfully finished Verilog frontend.

2.2. Executing Verilog-2005 frontend: /usr/local/bin/../share/yosys/ecp5/cells_bb.v
Parsing Verilog input from `/usr/local/bin/../share/yosys/ecp5/cells_bb.v' to AST representation.
Generating RTLIL representation for module `\MULT18X18D'.
Generating RTLIL representation for module `\ALU54B'.
Generating RTLIL representation for module `\EHXPLLL'.
Generating RTLIL representation for module `\DTR'.
Generating RTLIL representation for module `\OSCG'.
Generating RTLIL representation for module `\USRMCLK'.
Generating RTLIL representation for module `\JTAGG'.
Generating RTLIL representation for module `\DELAYF'.
Generating RTLIL representation for module `\DELAYG'.
Generating RTLIL representation for module `\IDDRX1F'.
Generating RTLIL representation for module `\IDDRX2F'.
Generating RTLIL representation for module `\IDDR71B'.
Generating RTLIL representation for module `\IDDRX2DQA'.
Generating RTLIL representation for module `\ODDRX1F'.
Generating RTLIL representation for module `\ODDRX2F'.
Generating RTLIL representation for module `\ODDR71B'.
Generating RTLIL representation for module `\OSHX2A'.
Generating RTLIL representation for module `\ODDRX2DQA'.
Generating RTLIL representation for module `\ODDRX2DQSB'.
Generating RTLIL representation for module `\TSHX2DQA'.
Generating RTLIL representation for module `\TSHX2DQSA'.
Generating RTLIL representation for module `\DQSBUFM'.
Generating RTLIL representation for module `\DDRDLLA'.
Generating RTLIL representation for module `\DLLDELD'.
Generating RTLIL representation for module `\CLKDIVF'.
Generating RTLIL representation for module `\ECLKSYNCB'.
Generating RTLIL representation for module `\ECLKBRIDGECS'.
Generating RTLIL representation for module `\DCCA'.
Generating RTLIL representation for module `\DCSC'.
Generating RTLIL representation for module `\DCUA'.
Generating RTLIL representation for module `\EXTREFB'.
Generating RTLIL representation for module `\PCSCLKDIV'.
Generating RTLIL representation for module `\PUR'.
Generating RTLIL representation for module `\GSR'.
Generating RTLIL representation for module `\SGSR'.
Generating RTLIL representation for module `\PDPW16KD'.
Successfully finished Verilog frontend.

2.3. Executing HIERARCHY pass (managing design hierarchy).

2.3.1. Finding top of design hierarchy..
root of   0 design levels: top                 
Automatically selected top as design top module.

2.3.2. Analyzing design hierarchy..
Top module:  \top

2.3.3. Analyzing design hierarchy..
Top module:  \top
Removed 0 unused modules.

2.4. Executing PROC pass (convert processes to netlists).

2.4.1. Executing PROC_CLEAN pass (remove empty switches from decision trees).
Found and cleaned up 1 empty switch in `\TRELLIS_DPR16X4.$proc$/usr/local/bin/../share/yosys/ecp5/cells_sim.v:213$127'.
Cleaned up 1 empty switch.

2.4.2. Executing PROC_RMDEAD pass (remove dead branches from decision trees).
Marked 1 switch rules as full_case in process $proc$/usr/local/bin/../share/yosys/ecp5/cells_sim.v:350$234 in module TRELLIS_FF.
Marked 1 switch rules as full_case in process $proc$/usr/local/bin/../share/yosys/ecp5/cells_sim.v:285$186 in module DPR16X4C.
Marked 1 switch rules as full_case in process $proc$/usr/local/bin/../share/yosys/ecp5/cells_sim.v:221$128 in module TRELLIS_DPR16X4.
Removed a total of 0 dead cases.

2.4.3. Executing PROC_PRUNE pass (remove redundant assignments in processes).
Removed 0 redundant assignments.
Promoted 46 assignments to connections.

2.4.4. Executing PROC_INIT pass (extract init attributes).
Found init rule in `\TRELLIS_FF.$proc$/usr/local/bin/../share/yosys/ecp5/cells_sim.v:0$235'.
  Set init value: \Q = 1'0
Found init rule in `\top.$proc$tim.v:39$9'.
  Set init value: \reset_sr = 1'1
Found init rule in `\top.$proc$tim.v:23$8'.
  Set init value: \counter = 27'000000000000000000000000000

2.4.5. Executing PROC_ARST pass (detect async resets in processes).

2.4.6. Executing PROC_MUX pass (convert decision trees to multiplexers).
Creating decoders for process `\TRELLIS_FF.$proc$/usr/local/bin/../share/yosys/ecp5/cells_sim.v:0$235'.
Creating decoders for process `\TRELLIS_FF.$proc$/usr/local/bin/../share/yosys/ecp5/cells_sim.v:350$234'.
     1/1: $0\Q[0:0]
Creating decoders for process `\DPR16X4C.$proc$/usr/local/bin/../share/yosys/ecp5/cells_sim.v:0$209'.
Creating decoders for process `\DPR16X4C.$proc$/usr/local/bin/../share/yosys/ecp5/cells_sim.v:285$186'.
     1/3: $1$memwr$\ram$/usr/local/bin/../share/yosys/ecp5/cells_sim.v:287$185_EN[3:0]$192
     2/3: $1$memwr$\ram$/usr/local/bin/../share/yosys/ecp5/cells_sim.v:287$185_DATA[3:0]$191
     3/3: $1$memwr$\ram$/usr/local/bin/../share/yosys/ecp5/cells_sim.v:287$185_ADDR[3:0]$190
Creating decoders for process `\TRELLIS_DPR16X4.$proc$/usr/local/bin/../share/yosys/ecp5/cells_sim.v:0$152'.
Creating decoders for process `\TRELLIS_DPR16X4.$proc$/usr/local/bin/../share/yosys/ecp5/cells_sim.v:221$128'.
     1/3: $1$memwr$\mem$/usr/local/bin/../share/yosys/ecp5/cells_sim.v:223$126_EN[3:0]$134
     2/3: $1$memwr$\mem$/usr/local/bin/../share/yosys/ecp5/cells_sim.v:223$126_DATA[3:0]$133
     3/3: $1$memwr$\mem$/usr/local/bin/../share/yosys/ecp5/cells_sim.v:223$126_ADDR[3:0]$132
Creating decoders for process `\TRELLIS_DPR16X4.$proc$/usr/local/bin/../share/yosys/ecp5/cells_sim.v:213$127'.
Creating decoders for process `\top.$proc$tim.v:39$9'.
Creating decoders for process `\top.$proc$tim.v:23$8'.
Creating decoders for process `\top.$proc$tim.v:40$7'.
Creating decoders for process `\top.$proc$tim.v:26$1'.

2.4.7. Executing PROC_DLATCH pass (convert process syncs to latches).

2.4.8. Executing PROC_DFF pass (convert process syncs to FFs).
Creating register for signal `\TRELLIS_FF.\Q' using process `\TRELLIS_FF.$proc$/usr/local/bin/../share/yosys/ecp5/cells_sim.v:350$234'.
  created $dff cell `$procdff$259' with positive edge clock.
Creating register for signal `\DPR16X4C.\i' using process `\DPR16X4C.$proc$/usr/local/bin/../share/yosys/ecp5/cells_sim.v:0$209'.
  created direct connection (no actual register cell created).
Creating register for signal `\DPR16X4C.$memwr$\ram$/usr/local/bin/../share/yosys/ecp5/cells_sim.v:281$170_EN' using process `\DPR16X4C.$proc$/usr/local/bin/../share/yosys/ecp5/cells_sim.v:0$209'.
  created direct connection (no actual register cell created).
Creating register for signal `\DPR16X4C.$memwr$\ram$/usr/local/bin/../share/yosys/ecp5/cells_sim.v:281$171_EN' using process `\DPR16X4C.$proc$/usr/local/bin/../share/yosys/ecp5/cells_sim.v:0$209'.
  created direct connection (no actual register cell created).
Creating register for signal `\DPR16X4C.$memwr$\ram$/usr/local/bin/../share/yosys/ecp5/cells_sim.v:281$172_EN' using process `\DPR16X4C.$proc$/usr/local/bin/../share/yosys/ecp5/cells_sim.v:0$209'.
  created direct connection (no actual register cell created).
Creating register for signal `\DPR16X4C.$memwr$\ram$/usr/local/bin/../share/yosys/ecp5/cells_sim.v:281$173_EN' using process `\DPR16X4C.$proc$/usr/local/bin/../share/yosys/ecp5/cells_sim.v:0$209'.
  created direct connection (no actual register cell created).
Creating register for signal `\DPR16X4C.$memwr$\ram$/usr/local/bin/../share/yosys/ecp5/cells_sim.v:281$174_EN' using process `\DPR16X4C.$proc$/usr/local/bin/../share/yosys/ecp5/cells_sim.v:0$209'.
  created direct connection (no actual register cell created).
Creating register for signal `\DPR16X4C.$memwr$\ram$/usr/local/bin/../share/yosys/ecp5/cells_sim.v:281$175_EN' using process `\DPR16X4C.$proc$/usr/local/bin/../share/yosys/ecp5/cells_sim.v:0$209'.
  created direct connection (no actual register cell created).
Creating register for signal `\DPR16X4C.$memwr$\ram$/usr/local/bin/../share/yosys/ecp5/cells_sim.v:281$176_EN' using process `\DPR16X4C.$proc$/usr/local/bin/../share/yosys/ecp5/cells_sim.v:0$209'.
  created direct connection (no actual register cell created).
Creating register for signal `\DPR16X4C.$memwr$\ram$/usr/local/bin/../share/yosys/ecp5/cells_sim.v:281$177_EN' using process `\DPR16X4C.$proc$/usr/local/bin/../share/yosys/ecp5/cells_sim.v:0$209'.
  created direct connection (no actual register cell created).
Creating register for signal `\DPR16X4C.$memwr$\ram$/usr/local/bin/../share/yosys/ecp5/cells_sim.v:281$178_EN' using process `\DPR16X4C.$proc$/usr/local/bin/../share/yosys/ecp5/cells_sim.v:0$209'.
  created direct connection (no actual register cell created).
Creating register for signal `\DPR16X4C.$memwr$\ram$/usr/local/bin/../share/yosys/ecp5/cells_sim.v:281$179_EN' using process `\DPR16X4C.$proc$/usr/local/bin/../share/yosys/ecp5/cells_sim.v:0$209'.
  created direct connection (no actual register cell created).
Creating register for signal `\DPR16X4C.$memwr$\ram$/usr/local/bin/../share/yosys/ecp5/cells_sim.v:281$180_EN' using process `\DPR16X4C.$proc$/usr/local/bin/../share/yosys/ecp5/cells_sim.v:0$209'.
  created direct connection (no actual register cell created).
Creating register for signal `\DPR16X4C.$memwr$\ram$/usr/local/bin/../share/yosys/ecp5/cells_sim.v:281$181_EN' using process `\DPR16X4C.$proc$/usr/local/bin/../share/yosys/ecp5/cells_sim.v:0$209'.
  created direct connection (no actual register cell created).
Creating register for signal `\DPR16X4C.$memwr$\ram$/usr/local/bin/../share/yosys/ecp5/cells_sim.v:281$182_EN' using process `\DPR16X4C.$proc$/usr/local/bin/../share/yosys/ecp5/cells_sim.v:0$209'.
  created direct connection (no actual register cell created).
Creating register for signal `\DPR16X4C.$memwr$\ram$/usr/local/bin/../share/yosys/ecp5/cells_sim.v:281$183_EN' using process `\DPR16X4C.$proc$/usr/local/bin/../share/yosys/ecp5/cells_sim.v:0$209'.
  created direct connection (no actual register cell created).
Creating register for signal `\DPR16X4C.$memwr$\ram$/usr/local/bin/../share/yosys/ecp5/cells_sim.v:281$184_EN' using process `\DPR16X4C.$proc$/usr/local/bin/../share/yosys/ecp5/cells_sim.v:0$209'.
  created direct connection (no actual register cell created).
Creating register for signal `\DPR16X4C.$memwr$\ram$/usr/local/bin/../share/yosys/ecp5/cells_sim.v:287$185_ADDR' using process `\DPR16X4C.$proc$/usr/local/bin/../share/yosys/ecp5/cells_sim.v:285$186'.
  created $dff cell `$procdff$260' with positive edge clock.
Creating register for signal `\DPR16X4C.$memwr$\ram$/usr/local/bin/../share/yosys/ecp5/cells_sim.v:287$185_DATA' using process `\DPR16X4C.$proc$/usr/local/bin/../share/yosys/ecp5/cells_sim.v:285$186'.
  created $dff cell `$procdff$261' with positive edge clock.
Creating register for signal `\DPR16X4C.$memwr$\ram$/usr/local/bin/../share/yosys/ecp5/cells_sim.v:287$185_EN' using process `\DPR16X4C.$proc$/usr/local/bin/../share/yosys/ecp5/cells_sim.v:285$186'.
  created $dff cell `$procdff$262' with positive edge clock.
Creating register for signal `\TRELLIS_DPR16X4.\i' using process `\TRELLIS_DPR16X4.$proc$/usr/local/bin/../share/yosys/ecp5/cells_sim.v:0$152'.
  created direct connection (no actual register cell created).
Creating register for signal `\TRELLIS_DPR16X4.$memwr$\mem$/usr/local/bin/../share/yosys/ecp5/cells_sim.v:207$110_EN' using process `\TRELLIS_DPR16X4.$proc$/usr/local/bin/../share/yosys/ecp5/cells_sim.v:0$152'.
  created direct connection (no actual register cell created).
Creating register for signal `\TRELLIS_DPR16X4.$memwr$\mem$/usr/local/bin/../share/yosys/ecp5/cells_sim.v:207$111_EN' using process `\TRELLIS_DPR16X4.$proc$/usr/local/bin/../share/yosys/ecp5/cells_sim.v:0$152'.
  created direct connection (no actual register cell created).
Creating register for signal `\TRELLIS_DPR16X4.$memwr$\mem$/usr/local/bin/../share/yosys/ecp5/cells_sim.v:207$112_EN' using process `\TRELLIS_DPR16X4.$proc$/usr/local/bin/../share/yosys/ecp5/cells_sim.v:0$152'.
  created direct connection (no actual register cell created).
Creating register for signal `\TRELLIS_DPR16X4.$memwr$\mem$/usr/local/bin/../share/yosys/ecp5/cells_sim.v:207$113_EN' using process `\TRELLIS_DPR16X4.$proc$/usr/local/bin/../share/yosys/ecp5/cells_sim.v:0$152'.
  created direct connection (no actual register cell created).
Creating register for signal `\TRELLIS_DPR16X4.$memwr$\mem$/usr/local/bin/../share/yosys/ecp5/cells_sim.v:207$114_EN' using process `\TRELLIS_DPR16X4.$proc$/usr/local/bin/../share/yosys/ecp5/cells_sim.v:0$152'.
  created direct connection (no actual register cell created).
Creating register for signal `\TRELLIS_DPR16X4.$memwr$\mem$/usr/local/bin/../share/yosys/ecp5/cells_sim.v:207$115_EN' using process `\TRELLIS_DPR16X4.$proc$/usr/local/bin/../share/yosys/ecp5/cells_sim.v:0$152'.
  created direct connection (no actual register cell created).
Creating register for signal `\TRELLIS_DPR16X4.$memwr$\mem$/usr/local/bin/../share/yosys/ecp5/cells_sim.v:207$116_EN' using process `\TRELLIS_DPR16X4.$proc$/usr/local/bin/../share/yosys/ecp5/cells_sim.v:0$152'.
  created direct connection (no actual register cell created).
Creating register for signal `\TRELLIS_DPR16X4.$memwr$\mem$/usr/local/bin/../share/yosys/ecp5/cells_sim.v:207$117_EN' using process `\TRELLIS_DPR16X4.$proc$/usr/local/bin/../share/yosys/ecp5/cells_sim.v:0$152'.
  created direct connection (no actual register cell created).
Creating register for signal `\TRELLIS_DPR16X4.$memwr$\mem$/usr/local/bin/../share/yosys/ecp5/cells_sim.v:207$118_EN' using process `\TRELLIS_DPR16X4.$proc$/usr/local/bin/../share/yosys/ecp5/cells_sim.v:0$152'.
  created direct connection (no actual register cell created).
Creating register for signal `\TRELLIS_DPR16X4.$memwr$\mem$/usr/local/bin/../share/yosys/ecp5/cells_sim.v:207$119_EN' using process `\TRELLIS_DPR16X4.$proc$/usr/local/bin/../share/yosys/ecp5/cells_sim.v:0$152'.
  created direct connection (no actual register cell created).
Creating register for signal `\TRELLIS_DPR16X4.$memwr$\mem$/usr/local/bin/../share/yosys/ecp5/cells_sim.v:207$120_EN' using process `\TRELLIS_DPR16X4.$proc$/usr/local/bin/../share/yosys/ecp5/cells_sim.v:0$152'.
  created direct connection (no actual register cell created).
Creating register for signal `\TRELLIS_DPR16X4.$memwr$\mem$/usr/local/bin/../share/yosys/ecp5/cells_sim.v:207$121_EN' using process `\TRELLIS_DPR16X4.$proc$/usr/local/bin/../share/yosys/ecp5/cells_sim.v:0$152'.
  created direct connection (no actual register cell created).
Creating register for signal `\TRELLIS_DPR16X4.$memwr$\mem$/usr/local/bin/../share/yosys/ecp5/cells_sim.v:207$122_EN' using process `\TRELLIS_DPR16X4.$proc$/usr/local/bin/../share/yosys/ecp5/cells_sim.v:0$152'.
  created direct connection (no actual register cell created).
Creating register for signal `\TRELLIS_DPR16X4.$memwr$\mem$/usr/local/bin/../share/yosys/ecp5/cells_sim.v:207$123_EN' using process `\TRELLIS_DPR16X4.$proc$/usr/local/bin/../share/yosys/ecp5/cells_sim.v:0$152'.
  created direct connection (no actual register cell created).
Creating register for signal `\TRELLIS_DPR16X4.$memwr$\mem$/usr/local/bin/../share/yosys/ecp5/cells_sim.v:207$124_EN' using process `\TRELLIS_DPR16X4.$proc$/usr/local/bin/../share/yosys/ecp5/cells_sim.v:0$152'.
  created direct connection (no actual register cell created).
Creating register for signal `\TRELLIS_DPR16X4.$memwr$\mem$/usr/local/bin/../share/yosys/ecp5/cells_sim.v:207$125_EN' using process `\TRELLIS_DPR16X4.$proc$/usr/local/bin/../share/yosys/ecp5/cells_sim.v:0$152'.
  created direct connection (no actual register cell created).
Creating register for signal `\TRELLIS_DPR16X4.$memwr$\mem$/usr/local/bin/../share/yosys/ecp5/cells_sim.v:223$126_ADDR' using process `\TRELLIS_DPR16X4.$proc$/usr/local/bin/../share/yosys/ecp5/cells_sim.v:221$128'.
  created $dff cell `$procdff$263' with positive edge clock.
Creating register for signal `\TRELLIS_DPR16X4.$memwr$\mem$/usr/local/bin/../share/yosys/ecp5/cells_sim.v:223$126_DATA' using process `\TRELLIS_DPR16X4.$proc$/usr/local/bin/../share/yosys/ecp5/cells_sim.v:221$128'.
  created $dff cell `$procdff$264' with positive edge clock.
Creating register for signal `\TRELLIS_DPR16X4.$memwr$\mem$/usr/local/bin/../share/yosys/ecp5/cells_sim.v:223$126_EN' using process `\TRELLIS_DPR16X4.$proc$/usr/local/bin/../share/yosys/ecp5/cells_sim.v:221$128'.
  created $dff cell `$procdff$265' with positive edge clock.
Creating register for signal `\TRELLIS_DPR16X4.\muxwre' using process `\TRELLIS_DPR16X4.$proc$/usr/local/bin/../share/yosys/ecp5/cells_sim.v:213$127'.
  created direct connection (no actual register cell created).
Creating register for signal `\top.\reset_sr' using process `\top.$proc$tim.v:40$7'.
  created $dff cell `$procdff$266' with positive edge clock.
Creating register for signal `\top.\counter' using process `\top.$proc$tim.v:26$1'.
  created $dff cell `$procdff$267' with positive edge clock.

2.4.9. Executing PROC_MEMWR pass (convert process memory writes to cells).

2.4.10. Executing PROC_CLEAN pass (remove empty switches from decision trees).
Removing empty process `TRELLIS_FF.$proc$/usr/local/bin/../share/yosys/ecp5/cells_sim.v:0$235'.
Found and cleaned up 2 empty switches in `\TRELLIS_FF.$proc$/usr/local/bin/../share/yosys/ecp5/cells_sim.v:350$234'.
Removing empty process `TRELLIS_FF.$proc$/usr/local/bin/../share/yosys/ecp5/cells_sim.v:350$234'.
Removing empty process `DPR16X4C.$proc$/usr/local/bin/../share/yosys/ecp5/cells_sim.v:0$209'.
Found and cleaned up 1 empty switch in `\DPR16X4C.$proc$/usr/local/bin/../share/yosys/ecp5/cells_sim.v:285$186'.
Removing empty process `TRELLIS_DPR16X4.$proc$/usr/local/bin/../share/yosys/ecp5/cells_sim.v:0$152'.
Found and cleaned up 1 empty switch in `\TRELLIS_DPR16X4.$proc$/usr/local/bin/../share/yosys/ecp5/cells_sim.v:221$128'.
Removing empty process `TRELLIS_DPR16X4.$proc$/usr/local/bin/../share/yosys/ecp5/cells_sim.v:213$127'.
Removing empty process `top.$proc$tim.v:39$9'.
Removing empty process `top.$proc$tim.v:23$8'.
Removing empty process `top.$proc$tim.v:40$7'.
Removing empty process `top.$proc$tim.v:26$1'.
Cleaned up 4 empty switches.

2.4.11. Executing OPT_EXPR pass (perform const folding).
Optimizing module top.

2.5. Executing FLATTEN pass (flatten design).

2.6. Executing TRIBUF pass.

2.7. Executing DEMINOUT pass (demote inout ports to input or output).

2.8. Executing OPT_EXPR pass (perform const folding).
Optimizing module top.

2.9. Executing OPT_CLEAN pass (remove unused cells and wires).
Finding unused cells or wires in module \top..
Removed 0 unused cells and 7 unused wires.
<suppressed ~1 debug messages>

2.10. Executing CHECK pass (checking for obvious problems).
Checking module top...
Found and reported 0 problems.

2.11. Executing OPT pass (performing simple optimizations).

2.11.1. Executing OPT_EXPR pass (perform const folding).
Optimizing module top.

2.11.2. Executing OPT_MERGE pass (detect identical cells).
Finding identical cells in module `\top'.
<suppressed ~3 debug messages>
Removed a total of 1 cells.

2.11.3. Executing OPT_MUXTREE pass (detect dead branches in mux trees).
Running muxtree optimizer on module \top..
  Creating internal representation of mux trees.
  No muxes found in this module.
Removed 0 multiplexer ports.

2.11.4. Executing OPT_REDUCE pass (consolidate $*mux and $reduce_* inputs).
  Optimizing cells in module \top.
Performed a total of 0 changes.

2.11.5. Executing OPT_MERGE pass (detect identical cells).
Finding identical cells in module `\top'.
Removed a total of 0 cells.

2.11.6. Executing OPT_DFF pass (perform DFF optimizations).

2.11.7. Executing OPT_CLEAN pass (remove unused cells and wires).
Finding unused cells or wires in module \top..

2.11.8. Executing OPT_EXPR pass (perform const folding).
Optimizing module top.

2.11.9. Finished OPT passes. (There is nothing left to do.)

2.12. Executing FSM pass (extract and optimize FSM).

2.12.1. Executing FSM_DETECT pass (finding FSMs in design).

2.12.2. Executing FSM_EXTRACT pass (extracting FSM from design).

2.12.3. Executing FSM_OPT pass (simple optimizations of FSMs).

2.12.4. Executing OPT_CLEAN pass (remove unused cells and wires).
Finding unused cells or wires in module \top..

2.12.5. Executing FSM_OPT pass (simple optimizations of FSMs).

2.12.6. Executing FSM_RECODE pass (re-assigning FSM state encoding).

2.12.7. Executing FSM_INFO pass (dumping all available information on FSM cells).

2.12.8. Executing FSM_MAP pass (mapping FSMs to basic logic).

2.13. Executing OPT pass (performing simple optimizations).

2.13.1. Executing OPT_EXPR pass (perform const folding).
Optimizing module top.

2.13.2. Executing OPT_MERGE pass (detect identical cells).
Finding identical cells in module `\top'.
Removed a total of 0 cells.

2.13.3. Executing OPT_MUXTREE pass (detect dead branches in mux trees).
Running muxtree optimizer on module \top..
  Creating internal representation of mux trees.
  No muxes found in this module.
Removed 0 multiplexer ports.

2.13.4. Executing OPT_REDUCE pass (consolidate $*mux and $reduce_* inputs).
  Optimizing cells in module \top.
Performed a total of 0 changes.

2.13.5. Executing OPT_MERGE pass (detect identical cells).
Finding identical cells in module `\top'.
Removed a total of 0 cells.

2.13.6. Executing OPT_DFF pass (perform DFF optimizations).

2.13.7. Executing OPT_CLEAN pass (remove unused cells and wires).
Finding unused cells or wires in module \top..

2.13.8. Executing OPT_EXPR pass (perform const folding).
Optimizing module top.

2.13.9. Finished OPT passes. (There is nothing left to do.)

2.14. Executing WREDUCE pass (reducing word size of cells).
Removed top 31 bits (of 32) from port B of cell top.$add$tim.v:27$2 ($add).
Removed top 5 bits (of 32) from port Y of cell top.$add$tim.v:27$2 ($add).

2.15. Executing PEEPOPT pass (run peephole optimizers).

2.16. Executing OPT_CLEAN pass (remove unused cells and wires).
Finding unused cells or wires in module \top..
Removed 0 unused cells and 1 unused wires.
<suppressed ~1 debug messages>

2.17. Executing SHARE pass (SAT-based resource sharing).

2.18. Executing TECHMAP pass (map to technology primitives).

2.18.1. Executing Verilog-2005 frontend: /usr/local/bin/../share/yosys/cmp2lut.v
Parsing Verilog input from `/usr/local/bin/../share/yosys/cmp2lut.v' to AST representation.
Generating RTLIL representation for module `\_90_lut_cmp_'.
Successfully finished Verilog frontend.

2.18.2. Continuing TECHMAP pass.
No more expansions possible.
<suppressed ~6 debug messages>

2.19. Executing OPT_EXPR pass (perform const folding).
Optimizing module top.

2.20. Executing OPT_CLEAN pass (remove unused cells and wires).
Finding unused cells or wires in module \top..

2.21. Executing TECHMAP pass (map to technology primitives).

2.21.1. Executing Verilog-2005 frontend: /usr/local/bin/../share/yosys/mul2dsp.v
Parsing Verilog input from `/usr/local/bin/../share/yosys/mul2dsp.v' to AST representation.
Generating RTLIL representation for module `\_80_mul'.
Generating RTLIL representation for module `\_90_soft_mul'.
Successfully finished Verilog frontend.

2.21.2. Executing Verilog-2005 frontend: /usr/local/bin/../share/yosys/ecp5/dsp_map.v
Parsing Verilog input from `/usr/local/bin/../share/yosys/ecp5/dsp_map.v' to AST representation.
Generating RTLIL representation for module `\$__MUL18X18'.
Successfully finished Verilog frontend.

2.21.3. Continuing TECHMAP pass.
No more expansions possible.
<suppressed ~5 debug messages>

2.22. Executing ALUMACC pass (create $alu and $macc cells).
Extracting $alu and $macc cells in module top:
  creating $macc model for $add$tim.v:27$2 ($add).
  creating $alu model for $macc $add$tim.v:27$2.
  creating $alu cell for $add$tim.v:27$2: $auto$alumacc.cc:485:replace_alu$269
  created 1 $alu and 0 $macc cells.

2.23. Executing OPT pass (performing simple optimizations).

2.23.1. Executing OPT_EXPR pass (perform const folding).
Optimizing module top.

2.23.2. Executing OPT_MERGE pass (detect identical cells).
Finding identical cells in module `\top'.
Removed a total of 0 cells.

2.23.3. Executing OPT_MUXTREE pass (detect dead branches in mux trees).
Running muxtree optimizer on module \top..
  Creating internal representation of mux trees.
  No muxes found in this module.
Removed 0 multiplexer ports.

2.23.4. Executing OPT_REDUCE pass (consolidate $*mux and $reduce_* inputs).
  Optimizing cells in module \top.
Performed a total of 0 changes.

2.23.5. Executing OPT_MERGE pass (detect identical cells).
Finding identical cells in module `\top'.
Removed a total of 0 cells.

2.23.6. Executing OPT_DFF pass (perform DFF optimizations).

2.23.7. Executing OPT_CLEAN pass (remove unused cells and wires).
Finding unused cells or wires in module \top..

2.23.8. Executing OPT_EXPR pass (perform const folding).
Optimizing module top.

2.23.9. Finished OPT passes. (There is nothing left to do.)

2.24. Executing MEMORY pass.

2.24.1. Executing OPT_MEM pass (optimize memories).
Performed a total of 0 transformations.

2.24.2. Executing OPT_MEM_PRIORITY pass (removing unnecessary memory write priority relations).
Performed a total of 0 transformations.

2.24.3. Executing OPT_MEM_FEEDBACK pass (finding memory read-to-write feedback paths).

2.24.4. Executing MEMORY_DFF pass (merging $dff cells to $memrd).

2.24.5. Executing OPT_CLEAN pass (remove unused cells and wires).
Finding unused cells or wires in module \top..

2.24.6. Executing MEMORY_SHARE pass (consolidating $memrd/$memwr cells).

2.24.7. Executing OPT_MEM_WIDEN pass (optimize memories where all ports are wide).
Performed a total of 0 transformations.

2.24.8. Executing OPT_CLEAN pass (remove unused cells and wires).
Finding unused cells or wires in module \top..

2.24.9. Executing MEMORY_COLLECT pass (generating $mem cells).

2.25. Executing OPT_CLEAN pass (remove unused cells and wires).
Finding unused cells or wires in module \top..

2.26. Executing MEMORY_BRAM pass (mapping $mem cells to block memories).

2.27. Executing TECHMAP pass (map to technology primitives).

2.27.1. Executing Verilog-2005 frontend: /usr/local/bin/../share/yosys/ecp5/brams_map.v
Parsing Verilog input from `/usr/local/bin/../share/yosys/ecp5/brams_map.v' to AST representation.
Generating RTLIL representation for module `\$__ECP5_DP16KD'.
Generating RTLIL representation for module `\$__ECP5_PDPW16KD'.
Successfully finished Verilog frontend.

2.27.2. Continuing TECHMAP pass.
No more expansions possible.
<suppressed ~4 debug messages>

2.28. Executing MEMORY_BRAM pass (mapping $mem cells to block memories).

2.29. Executing TECHMAP pass (map to technology primitives).

2.29.1. Executing Verilog-2005 frontend: /usr/local/bin/../share/yosys/ecp5/lutrams_map.v
Parsing Verilog input from `/usr/local/bin/../share/yosys/ecp5/lutrams_map.v' to AST representation.
Generating RTLIL representation for module `\$__TRELLIS_DPR16X4'.
Successfully finished Verilog frontend.

2.29.2. Continuing TECHMAP pass.
No more expansions possible.
<suppressed ~3 debug messages>

2.30. Executing OPT pass (performing simple optimizations).

2.30.1. Executing OPT_EXPR pass (perform const folding).
Optimizing module top.

2.30.2. Executing OPT_MERGE pass (detect identical cells).
Finding identical cells in module `\top'.
Removed a total of 0 cells.

2.30.3. Executing OPT_DFF pass (perform DFF optimizations).

2.30.4. Executing OPT_CLEAN pass (remove unused cells and wires).
Finding unused cells or wires in module \top..

2.30.5. Finished fast OPT passes.

2.31. Executing MEMORY_MAP pass (converting memories to logic and flip-flops).

2.32. Executing OPT pass (performing simple optimizations).

2.32.1. Executing OPT_EXPR pass (perform const folding).
Optimizing module top.

2.32.2. Executing OPT_MERGE pass (detect identical cells).
Finding identical cells in module `\top'.
Removed a total of 0 cells.

2.32.3. Executing OPT_MUXTREE pass (detect dead branches in mux trees).
Running muxtree optimizer on module \top..
  Creating internal representation of mux trees.
  No muxes found in this module.
Removed 0 multiplexer ports.

2.32.4. Executing OPT_REDUCE pass (consolidate $*mux and $reduce_* inputs).
  Optimizing cells in module \top.
Performed a total of 0 changes.

2.32.5. Executing OPT_MERGE pass (detect identical cells).
Finding identical cells in module `\top'.
Removed a total of 0 cells.

2.32.6. Executing OPT_DFF pass (perform DFF optimizations).

2.32.7. Executing OPT_CLEAN pass (remove unused cells and wires).
Finding unused cells or wires in module \top..

2.32.8. Executing OPT_EXPR pass (perform const folding).
Optimizing module top.

2.32.9. Finished OPT passes. (There is nothing left to do.)

2.33. Executing TECHMAP pass (map to technology primitives).

2.33.1. Executing Verilog-2005 frontend: /usr/local/bin/../share/yosys/techmap.v
Parsing Verilog input from `/usr/local/bin/../share/yosys/techmap.v' to AST representation.
Generating RTLIL representation for module `\_90_simplemap_bool_ops'.
Generating RTLIL representation for module `\_90_simplemap_reduce_ops'.
Generating RTLIL representation for module `\_90_simplemap_logic_ops'.
Generating RTLIL representation for module `\_90_simplemap_compare_ops'.
Generating RTLIL representation for module `\_90_simplemap_various'.
Generating RTLIL representation for module `\_90_simplemap_registers'.
Generating RTLIL representation for module `\_90_shift_ops_shr_shl_sshl_sshr'.
Generating RTLIL representation for module `\_90_shift_shiftx'.
Generating RTLIL representation for module `\_90_fa'.
Generating RTLIL representation for module `\_90_lcu'.
Generating RTLIL representation for module `\_90_alu'.
Generating RTLIL representation for module `\_90_macc'.
Generating RTLIL representation for module `\_90_alumacc'.
Generating RTLIL representation for module `\$__div_mod_u'.
Generating RTLIL representation for module `\$__div_mod_trunc'.
Generating RTLIL representation for module `\_90_div'.
Generating RTLIL representation for module `\_90_mod'.
Generating RTLIL representation for module `\$__div_mod_floor'.
Generating RTLIL representation for module `\_90_divfloor'.
Generating RTLIL representation for module `\_90_modfloor'.
Generating RTLIL representation for module `\_90_pow'.
Generating RTLIL representation for module `\_90_pmux'.
Generating RTLIL representation for module `\_90_demux'.
Generating RTLIL representation for module `\_90_lut'.
Successfully finished Verilog frontend.

2.33.2. Executing Verilog-2005 frontend: /usr/local/bin/../share/yosys/ecp5/arith_map.v
Parsing Verilog input from `/usr/local/bin/../share/yosys/ecp5/arith_map.v' to AST representation.
Generating RTLIL representation for module `\_80_ecp5_alu'.
Successfully finished Verilog frontend.

2.33.3. Continuing TECHMAP pass.
Using extmapper simplemap for cells of type $not.
Using template $paramod$956e79e8f8c5e64be7438155ae50a966e615cb04\_80_ecp5_alu for cells of type $alu.
Using extmapper simplemap for cells of type $dff.
Using extmapper simplemap for cells of type $logic_or.
Using extmapper simplemap for cells of type $logic_and.
Using extmapper simplemap for cells of type $xor.
Using extmapper simplemap for cells of type $mux.
Using extmapper simplemap for cells of type $pos.
No more expansions possible.
<suppressed ~159 debug messages>

2.34. Executing OPT pass (performing simple optimizations).

2.34.1. Executing OPT_EXPR pass (perform const folding).
Optimizing module top.
<suppressed ~100 debug messages>

2.34.2. Executing OPT_MERGE pass (detect identical cells).
Finding identical cells in module `\top'.
<suppressed ~12 debug messages>
Removed a total of 4 cells.

2.34.3. Executing OPT_DFF pass (perform DFF optimizations).

2.34.4. Executing OPT_CLEAN pass (remove unused cells and wires).
Finding unused cells or wires in module \top..
Removed 37 unused cells and 77 unused wires.
<suppressed ~38 debug messages>

2.34.5. Finished fast OPT passes.

2.35. Executing OPT_CLEAN pass (remove unused cells and wires).
Finding unused cells or wires in module \top..

2.36. Executing DFFLEGALIZE pass (convert FFs to types supported by the target).

2.37. Executing TECHMAP pass (map to technology primitives).

2.37.1. Executing Verilog-2005 frontend: /usr/local/bin/../share/yosys/ecp5/cells_map.v
Parsing Verilog input from `/usr/local/bin/../share/yosys/ecp5/cells_map.v' to AST representation.
Generating RTLIL representation for module `\$_DFF_N_'.
Generating RTLIL representation for module `\$_DFF_P_'.
Generating RTLIL representation for module `\$_DFFE_NN_'.
Generating RTLIL representation for module `\$_DFFE_PN_'.
Generating RTLIL representation for module `\$_DFFE_NP_'.
Generating RTLIL representation for module `\$_DFFE_PP_'.
Generating RTLIL representation for module `\$_DFF_NP0_'.
Generating RTLIL representation for module `\$_DFF_NP1_'.
Generating RTLIL representation for module `\$_DFF_PP0_'.
Generating RTLIL representation for module `\$_DFF_PP1_'.
Generating RTLIL representation for module `\$_SDFF_NP0_'.
Generating RTLIL representation for module `\$_SDFF_NP1_'.
Generating RTLIL representation for module `\$_SDFF_PP0_'.
Generating RTLIL representation for module `\$_SDFF_PP1_'.
Generating RTLIL representation for module `\$_DFFE_NP0P_'.
Generating RTLIL representation for module `\$_DFFE_NP1P_'.
Generating RTLIL representation for module `\$_DFFE_PP0P_'.
Generating RTLIL representation for module `\$_DFFE_PP1P_'.
Generating RTLIL representation for module `\$_DFFE_NP0N_'.
Generating RTLIL representation for module `\$_DFFE_NP1N_'.
Generating RTLIL representation for module `\$_DFFE_PP0N_'.
Generating RTLIL representation for module `\$_DFFE_PP1N_'.
Generating RTLIL representation for module `\$_SDFFE_NP0P_'.
Generating RTLIL representation for module `\$_SDFFE_NP1P_'.
Generating RTLIL representation for module `\$_SDFFE_PP0P_'.
Generating RTLIL representation for module `\$_SDFFE_PP1P_'.
Generating RTLIL representation for module `\$_SDFFE_NP0N_'.
Generating RTLIL representation for module `\$_SDFFE_NP1N_'.
Generating RTLIL representation for module `\$_SDFFE_PP0N_'.
Generating RTLIL representation for module `\$_SDFFE_PP1N_'.
Generating RTLIL representation for module `\$_ALDFF_NP_'.
Generating RTLIL representation for module `\$_ALDFF_PP_'.
Generating RTLIL representation for module `\$_ALDFFE_NPN_'.
Generating RTLIL representation for module `\$_ALDFFE_NPP_'.
Generating RTLIL representation for module `\$_ALDFFE_PPN_'.
Generating RTLIL representation for module `\$_ALDFFE_PPP_'.
Generating RTLIL representation for module `\FD1P3AX'.
Generating RTLIL representation for module `\FD1P3AY'.
Generating RTLIL representation for module `\FD1P3BX'.
Generating RTLIL representation for module `\FD1P3DX'.
Generating RTLIL representation for module `\FD1P3IX'.
Generating RTLIL representation for module `\FD1P3JX'.
Generating RTLIL representation for module `\FD1S3AX'.
Generating RTLIL representation for module `\FD1S3AY'.
Generating RTLIL representation for module `\FD1S3BX'.
Generating RTLIL representation for module `\FD1S3DX'.
Generating RTLIL representation for module `\FD1S3IX'.
Generating RTLIL representation for module `\FD1S3JX'.
Generating RTLIL representation for module `\IFS1P3BX'.
Generating RTLIL representation for module `\IFS1P3DX'.
Generating RTLIL representation for module `\IFS1P3IX'.
Generating RTLIL representation for module `\IFS1P3JX'.
Generating RTLIL representation for module `\OFS1P3BX'.
Generating RTLIL representation for module `\OFS1P3DX'.
Generating RTLIL representation for module `\OFS1P3IX'.
Generating RTLIL representation for module `\OFS1P3JX'.
Generating RTLIL representation for module `\IB'.
Generating RTLIL representation for module `\IBPU'.
Generating RTLIL representation for module `\IBPD'.
Generating RTLIL representation for module `\OB'.
Generating RTLIL representation for module `\OBZ'.
Generating RTLIL representation for module `\OBZPU'.
Generating RTLIL representation for module `\OBZPD'.
Generating RTLIL representation for module `\OBCO'.
Generating RTLIL representation for module `\BB'.
Generating RTLIL representation for module `\BBPU'.
Generating RTLIL representation for module `\BBPD'.
Generating RTLIL representation for module `\ILVDS'.
Generating RTLIL representation for module `\OLVDS'.
Successfully finished Verilog frontend.

2.37.2. Continuing TECHMAP pass.
Using template $paramod\$_DFF_P_\_TECHMAP_WIREINIT_Q_=1'0 for cells of type $_DFF_P_.
Using template $paramod\$_DFF_P_\_TECHMAP_WIREINIT_Q_=1'1 for cells of type $_DFF_P_.
No more expansions possible.
<suppressed ~121 debug messages>

2.38. Executing OPT_EXPR pass (perform const folding).
Optimizing module top.

2.39. Executing SIMPLEMAP pass (map simple cells to gate primitives).

2.40. Executing ECP5_GSR pass (implement FF init values).
Handling GSR in top.

2.41. Executing ATTRMVCP pass (move or copy attributes).

2.42. Executing OPT_CLEAN pass (remove unused cells and wires).
Finding unused cells or wires in module \top..
Removed 0 unused cells and 112 unused wires.
<suppressed ~1 debug messages>

2.43. Executing TECHMAP pass (map to technology primitives).

2.43.1. Executing Verilog-2005 frontend: /usr/local/bin/../share/yosys/ecp5/latches_map.v
Parsing Verilog input from `/usr/local/bin/../share/yosys/ecp5/latches_map.v' to AST representation.
Generating RTLIL representation for module `\$_DLATCH_N_'.
Generating RTLIL representation for module `\$_DLATCH_P_'.
Successfully finished Verilog frontend.

2.43.2. Continuing TECHMAP pass.
No more expansions possible.
<suppressed ~4 debug messages>

2.44. Executing ABC pass (technology mapping using ABC).

2.44.1. Extracting gate netlist of module `\top' to `<abc-temp-dir>/input.blif'..
Extracted 3 gates and 6 wires to a netlist network with 3 inputs and 3 outputs.

2.44.1.1. Executing ABC.
Running ABC command: <yosys-exe-dir>/yosys-abc -s -f <abc-temp-dir>/abc.script 2>&1
ABC: ABC command line: "source <abc-temp-dir>/abc.script".
ABC: 
ABC: + read_blif <abc-temp-dir>/input.blif 
ABC: + read_lut <abc-temp-dir>/lutdefs.txt 
ABC: + strash 
ABC: + ifraig 
ABC: + scorr 
ABC: Warning: The network is combinational (run "fraig" or "fraig_sweep").
ABC: + dc2 
ABC: + dretime 
ABC: + strash 
ABC: + dch -f 
ABC: + if 
ABC: + mfs2 
ABC: + dress 
ABC: Total number of equiv classes                =       4.
ABC: Participating nodes from both networks       =       6.
ABC: Participating nodes from the first network   =       3. (  75.00 % of nodes)
ABC: Participating nodes from the second network  =       3. (  75.00 % of nodes)
ABC: Node pairs (any polarity)                    =       3. (  75.00 % of names can be moved)
ABC: Node pairs (same polarity)                   =       3. (  75.00 % of names can be moved)
ABC: Total runtime =     0.00 sec
ABC: + write_blif <abc-temp-dir>/output.blif 

2.44.1.2. Re-integrating ABC results.
ABC RESULTS:              $lut cells:        3
ABC RESULTS:        internal signals:        0
ABC RESULTS:           input signals:        3
ABC RESULTS:          output signals:        3
Removing temp directory.
Removed 0 unused cells and 6 unused wires.

2.45. Executing TECHMAP pass (map to technology primitives).

2.45.1. Executing Verilog-2005 frontend: /usr/local/bin/../share/yosys/ecp5/cells_map.v
Parsing Verilog input from `/usr/local/bin/../share/yosys/ecp5/cells_map.v' to AST representation.
Generating RTLIL representation for module `\$_DFF_N_'.
Generating RTLIL representation for module `\$_DFF_P_'.
Generating RTLIL representation for module `\$_DFFE_NN_'.
Generating RTLIL representation for module `\$_DFFE_PN_'.
Generating RTLIL representation for module `\$_DFFE_NP_'.
Generating RTLIL representation for module `\$_DFFE_PP_'.
Generating RTLIL representation for module `\$_DFF_NP0_'.
Generating RTLIL representation for module `\$_DFF_NP1_'.
Generating RTLIL representation for module `\$_DFF_PP0_'.
Generating RTLIL representation for module `\$_DFF_PP1_'.
Generating RTLIL representation for module `\$_SDFF_NP0_'.
Generating RTLIL representation for module `\$_SDFF_NP1_'.
Generating RTLIL representation for module `\$_SDFF_PP0_'.
Generating RTLIL representation for module `\$_SDFF_PP1_'.
Generating RTLIL representation for module `\$_DFFE_NP0P_'.
Generating RTLIL representation for module `\$_DFFE_NP1P_'.
Generating RTLIL representation for module `\$_DFFE_PP0P_'.
Generating RTLIL representation for module `\$_DFFE_PP1P_'.
Generating RTLIL representation for module `\$_DFFE_NP0N_'.
Generating RTLIL representation for module `\$_DFFE_NP1N_'.
Generating RTLIL representation for module `\$_DFFE_PP0N_'.
Generating RTLIL representation for module `\$_DFFE_PP1N_'.
Generating RTLIL representation for module `\$_SDFFE_NP0P_'.
Generating RTLIL representation for module `\$_SDFFE_NP1P_'.
Generating RTLIL representation for module `\$_SDFFE_PP0P_'.
Generating RTLIL representation for module `\$_SDFFE_PP1P_'.
Generating RTLIL representation for module `\$_SDFFE_NP0N_'.
Generating RTLIL representation for module `\$_SDFFE_NP1N_'.
Generating RTLIL representation for module `\$_SDFFE_PP0N_'.
Generating RTLIL representation for module `\$_SDFFE_PP1N_'.
Generating RTLIL representation for module `\$_ALDFF_NP_'.
Generating RTLIL representation for module `\$_ALDFF_PP_'.
Generating RTLIL representation for module `\$_ALDFFE_NPN_'.
Generating RTLIL representation for module `\$_ALDFFE_NPP_'.
Generating RTLIL representation for module `\$_ALDFFE_PPN_'.
Generating RTLIL representation for module `\$_ALDFFE_PPP_'.
Generating RTLIL representation for module `\FD1P3AX'.
Generating RTLIL representation for module `\FD1P3AY'.
Generating RTLIL representation for module `\FD1P3BX'.
Generating RTLIL representation for module `\FD1P3DX'.
Generating RTLIL representation for module `\FD1P3IX'.
Generating RTLIL representation for module `\FD1P3JX'.
Generating RTLIL representation for module `\FD1S3AX'.
Generating RTLIL representation for module `\FD1S3AY'.
Generating RTLIL representation for module `\FD1S3BX'.
Generating RTLIL representation for module `\FD1S3DX'.
Generating RTLIL representation for module `\FD1S3IX'.
Generating RTLIL representation for module `\FD1S3JX'.
Generating RTLIL representation for module `\IFS1P3BX'.
Generating RTLIL representation for module `\IFS1P3DX'.
Generating RTLIL representation for module `\IFS1P3IX'.
Generating RTLIL representation for module `\IFS1P3JX'.
Generating RTLIL representation for module `\OFS1P3BX'.
Generating RTLIL representation for module `\OFS1P3DX'.
Generating RTLIL representation for module `\OFS1P3IX'.
Generating RTLIL representation for module `\OFS1P3JX'.
Generating RTLIL representation for module `\IB'.
Generating RTLIL representation for module `\IBPU'.
Generating RTLIL representation for module `\IBPD'.
Generating RTLIL representation for module `\OB'.
Generating RTLIL representation for module `\OBZ'.
Generating RTLIL representation for module `\OBZPU'.
Generating RTLIL representation for module `\OBZPD'.
Generating RTLIL representation for module `\OBCO'.
Generating RTLIL representation for module `\BB'.
Generating RTLIL representation for module `\BBPU'.
Generating RTLIL representation for module `\BBPD'.
Generating RTLIL representation for module `\ILVDS'.
Generating RTLIL representation for module `\OLVDS'.
Generating RTLIL representation for module `\$lut'.
Successfully finished Verilog frontend.

2.45.2. Continuing TECHMAP pass.
Using template $paramod\$lut\WIDTH=32'00000000000000000000000000000001\LUT=2'01 for cells of type $lut.
No more expansions possible.
<suppressed ~88 debug messages>

2.46. Executing OPT_LUT_INS pass (discard unused LUT inputs).
Optimizing LUTs in top.
Removed 0 unused cells and 6 unused wires.

2.47. Executing AUTONAME pass.
Renamed 63 objects in module top (4 iterations).
<suppressed ~49 debug messages>

2.48. Executing HIERARCHY pass (managing design hierarchy).

2.48.1. Analyzing design hierarchy..
Top module:  \top

2.48.2. Analyzing design hierarchy..
Top module:  \top
Removed 0 unused modules.

2.49. Printing statistics.

=== top ===

   Number of wires:                 14
   Number of wire bits:            147
   Number of public wires:          14
   Number of public wire bits:     147
   Number of memories:               0
   Number of memory bits:            0
   Number of processes:              0
   Number of cells:                 45
     CCU2C                          14
     LUT4                            3
     TRELLIS_FF                     28

2.50. Executing CHECK pass (checking for obvious problems).
Checking module top...
Found and reported 0 problems.

2.51. Executing JSON backend.

Warnings: 1 unique messages, 1 total
End of script. Logfile hash: 651ed1f66d, CPU: user 0.65s system 0.07s, MEM: 264.00 MB peak
Yosys 0.16+61 (git sha1 UNKNOWN, clang 14.0.0-1ubuntu1 -fPIC -Os)
Time spent: 71% 15x read_verilog (0 sec), 6% 1x abc (0 sec), ...
nextpnr-ecp5 --json tim.json --textcfg tim_out.config --25k --package CSFBGA285 --lpf orangecrab_r0.2.pcf
ecppack --compress --freq 38.8 --input tim_out.config --bit tim.bit
cp -a tim.bit tim.dfu
dfu-suffix -v 1209 -p 5af0 -a tim.dfu
dfu-suffix (dfu-util) 0.9

Copyright 2011-2012 Stefan Schmidt, 2013-2014 Tormod Volden
This program is Free Software and has ABSOLUTELY NO WARRANTY
Please report bugs to http://sourceforge.net/p/dfu-util/tickets/

Suffix successfully added to file
rm tim.json tim_out.config tim.bit
